<?xml version="1.0" encoding="UTF-8"?>
<testsuite xmlns:xsi="http://www.w3.org/2001/XMLSchema-instance" xsi:noNamespaceSchemaLocation="https://maven.apache.org/surefire/maven-surefire-plugin/xsd/surefire-test-report.xsd" name="com.cn.wbg.WbgApplicationTests" time="6.108" tests="3" errors="0" skipped="0" failures="0">
  <properties>
    <property name="sun.desktop" value="windows"/>
    <property name="awt.toolkit" value="sun.awt.windows.WToolkit"/>
    <property name="file.encoding.pkg" value="sun.io"/>
    <property name="java.specification.version" value="1.8"/>
    <property name="sun.cpu.isalist" value="amd64"/>
    <property name="sun.jnu.encoding" value="GBK"/>
    <property name="java.class.path" value="D:\Java  file\wbg\target\test-classes;D:\Java  file\wbg\target\classes;D:\Maven\Repository\org\springframework\boot\spring-boot-starter-jdbc\2.7.2\spring-boot-starter-jdbc-2.7.2.jar;D:\Maven\Repository\org\springframework\boot\spring-boot-starter\2.7.2\spring-boot-starter-2.7.2.jar;D:\Maven\Repository\org\springframework\boot\spring-boot-starter-logging\2.7.2\spring-boot-starter-logging-2.7.2.jar;D:\Maven\Repository\ch\qos\logback\logback-classic\1.2.11\logback-classic-1.2.11.jar;D:\Maven\Repository\ch\qos\logback\logback-core\1.2.11\logback-core-1.2.11.jar;D:\Maven\Repository\org\apache\logging\log4j\log4j-to-slf4j\2.17.2\log4j-to-slf4j-2.17.2.jar;D:\Maven\Repository\org\apache\logging\log4j\log4j-api\2.17.2\log4j-api-2.17.2.jar;D:\Maven\Repository\org\slf4j\jul-to-slf4j\1.7.36\jul-to-slf4j-1.7.36.jar;D:\Maven\Repository\jakarta\annotation\jakarta.annotation-api\1.3.5\jakarta.annotation-api-1.3.5.jar;D:\Maven\Repository\org\yaml\snakeyaml\1.30\snakeyaml-1.30.jar;D:\Maven\Repository\com\zaxxer\HikariCP\4.0.3\HikariCP-4.0.3.jar;D:\Maven\Repository\org\springframework\spring-jdbc\5.3.22\spring-jdbc-5.3.22.jar;D:\Maven\Repository\org\springframework\spring-beans\5.3.22\spring-beans-5.3.22.jar;D:\Maven\Repository\org\springframework\spring-tx\5.3.22\spring-tx-5.3.22.jar;D:\Maven\Repository\org\springframework\boot\spring-boot-starter-security\2.7.2\spring-boot-starter-security-2.7.2.jar;D:\Maven\Repository\org\springframework\spring-aop\5.3.22\spring-aop-5.3.22.jar;D:\Maven\Repository\org\springframework\security\spring-security-config\5.7.2\spring-security-config-5.7.2.jar;D:\Maven\Repository\org\springframework\spring-context\5.3.22\spring-context-5.3.22.jar;D:\Maven\Repository\org\springframework\security\spring-security-web\5.7.2\spring-security-web-5.7.2.jar;D:\Maven\Repository\org\springframework\spring-expression\5.3.22\spring-expression-5.3.22.jar;D:\Maven\Repository\org\springframework\boot\spring-boot-starter-thymeleaf\2.7.2\spring-boot-starter-thymeleaf-2.7.2.jar;D:\Maven\Repository\org\thymeleaf\thymeleaf-spring5\3.0.15.RELEASE\thymeleaf-spring5-3.0.15.RELEASE.jar;D:\Maven\Repository\org\thymeleaf\thymeleaf\3.0.15.RELEASE\thymeleaf-3.0.15.RELEASE.jar;D:\Maven\Repository\org\attoparser\attoparser\2.0.5.RELEASE\attoparser-2.0.5.RELEASE.jar;D:\Maven\Repository\org\unbescape\unbescape\1.1.6.RELEASE\unbescape-1.1.6.RELEASE.jar;D:\Maven\Repository\org\thymeleaf\extras\thymeleaf-extras-java8time\3.0.4.RELEASE\thymeleaf-extras-java8time-3.0.4.RELEASE.jar;D:\Maven\Repository\org\springframework\boot\spring-boot-starter-web\2.7.2\spring-boot-starter-web-2.7.2.jar;D:\Maven\Repository\org\springframework\boot\spring-boot-starter-json\2.7.2\spring-boot-starter-json-2.7.2.jar;D:\Maven\Repository\com\fasterxml\jackson\core\jackson-databind\2.13.3\jackson-databind-2.13.3.jar;D:\Maven\Repository\com\fasterxml\jackson\core\jackson-annotations\2.13.3\jackson-annotations-2.13.3.jar;D:\Maven\Repository\com\fasterxml\jackson\core\jackson-core\2.13.3\jackson-core-2.13.3.jar;D:\Maven\Repository\com\fasterxml\jackson\datatype\jackson-datatype-jdk8\2.13.3\jackson-datatype-jdk8-2.13.3.jar;D:\Maven\Repository\com\fasterxml\jackson\datatype\jackson-datatype-jsr310\2.13.3\jackson-datatype-jsr310-2.13.3.jar;D:\Maven\Repository\com\fasterxml\jackson\module\jackson-module-parameter-names\2.13.3\jackson-module-parameter-names-2.13.3.jar;D:\Maven\Repository\org\springframework\boot\spring-boot-starter-tomcat\2.7.2\spring-boot-starter-tomcat-2.7.2.jar;D:\Maven\Repository\org\apache\tomcat\embed\tomcat-embed-core\9.0.65\tomcat-embed-core-9.0.65.jar;D:\Maven\Repository\org\apache\tomcat\embed\tomcat-embed-el\9.0.65\tomcat-embed-el-9.0.65.jar;D:\Maven\Repository\org\apache\tomcat\embed\tomcat-embed-websocket\9.0.65\tomcat-embed-websocket-9.0.65.jar;D:\Maven\Repository\org\springframework\spring-web\5.3.22\spring-web-5.3.22.jar;D:\Maven\Repository\org\springframework\spring-webmvc\5.3.22\spring-webmvc-5.3.22.jar;D:\Maven\Repository\org\mybatis\spring\boot\mybatis-spring-boot-starter\2.2.2\mybatis-spring-boot-starter-2.2.2.jar;D:\Maven\Repository\org\mybatis\spring\boot\mybatis-spring-boot-autoconfigure\2.2.2\mybatis-spring-boot-autoconfigure-2.2.2.jar;D:\Maven\Repository\org\mybatis\mybatis\3.5.9\mybatis-3.5.9.jar;D:\Maven\Repository\org\mybatis\mybatis-spring\2.0.7\mybatis-spring-2.0.7.jar;D:\Maven\Repository\org\thymeleaf\extras\thymeleaf-extras-springsecurity5\3.0.4.RELEASE\thymeleaf-extras-springsecurity5-3.0.4.RELEASE.jar;D:\Maven\Repository\org\slf4j\slf4j-api\1.7.36\slf4j-api-1.7.36.jar;D:\Maven\Repository\com\alibaba\druid-spring-boot-starter\1.1.10\druid-spring-boot-starter-1.1.10.jar;D:\Maven\Repository\com\alibaba\druid\1.1.10\druid-1.1.10.jar;D:\Maven\Repository\org\springframework\boot\spring-boot-autoconfigure\2.7.2\spring-boot-autoconfigure-2.7.2.jar;D:\Maven\Repository\org\springframework\boot\spring-boot-devtools\2.7.2\spring-boot-devtools-2.7.2.jar;D:\Maven\Repository\org\springframework\boot\spring-boot\2.7.2\spring-boot-2.7.2.jar;D:\Maven\Repository\mysql\mysql-connector-java\8.0.29\mysql-connector-java-8.0.29.jar;D:\Maven\Repository\org\projectlombok\lombok\1.18.24\lombok-1.18.24.jar;D:\Maven\Repository\org\springframework\boot\spring-boot-starter-test\2.7.2\spring-boot-starter-test-2.7.2.jar;D:\Maven\Repository\org\springframework\boot\spring-boot-test\2.7.2\spring-boot-test-2.7.2.jar;D:\Maven\Repository\org\springframework\boot\spring-boot-test-autoconfigure\2.7.2\spring-boot-test-autoconfigure-2.7.2.jar;D:\Maven\Repository\com\jayway\jsonpath\json-path\2.7.0\json-path-2.7.0.jar;D:\Maven\Repository\net\minidev\json-smart\2.4.8\json-smart-2.4.8.jar;D:\Maven\Repository\net\minidev\accessors-smart\2.4.8\accessors-smart-2.4.8.jar;D:\Maven\Repository\org\ow2\asm\asm\9.1\asm-9.1.jar;D:\Maven\Repository\jakarta\xml\bind\jakarta.xml.bind-api\2.3.3\jakarta.xml.bind-api-2.3.3.jar;D:\Maven\Repository\jakarta\activation\jakarta.activation-api\1.2.2\jakarta.activation-api-1.2.2.jar;D:\Maven\Repository\org\assertj\assertj-core\3.22.0\assertj-core-3.22.0.jar;D:\Maven\Repository\org\hamcrest\hamcrest\2.2\hamcrest-2.2.jar;D:\Maven\Repository\org\junit\jupiter\junit-jupiter\5.8.2\junit-jupiter-5.8.2.jar;D:\Maven\Repository\org\junit\jupiter\junit-jupiter-api\5.8.2\junit-jupiter-api-5.8.2.jar;D:\Maven\Repository\org\opentest4j\opentest4j\1.2.0\opentest4j-1.2.0.jar;D:\Maven\Repository\org\junit\platform\junit-platform-commons\1.8.2\junit-platform-commons-1.8.2.jar;D:\Maven\Repository\org\apiguardian\apiguardian-api\1.1.2\apiguardian-api-1.1.2.jar;D:\Maven\Repository\org\junit\jupiter\junit-jupiter-params\5.8.2\junit-jupiter-params-5.8.2.jar;D:\Maven\Repository\org\junit\jupiter\junit-jupiter-engine\5.8.2\junit-jupiter-engine-5.8.2.jar;D:\Maven\Repository\org\junit\platform\junit-platform-engine\1.8.2\junit-platform-engine-1.8.2.jar;D:\Maven\Repository\org\mockito\mockito-core\4.5.1\mockito-core-4.5.1.jar;D:\Maven\Repository\net\bytebuddy\byte-buddy\1.12.12\byte-buddy-1.12.12.jar;D:\Maven\Repository\net\bytebuddy\byte-buddy-agent\1.12.12\byte-buddy-agent-1.12.12.jar;D:\Maven\Repository\org\objenesis\objenesis\3.2\objenesis-3.2.jar;D:\Maven\Repository\org\mockito\mockito-junit-jupiter\4.5.1\mockito-junit-jupiter-4.5.1.jar;D:\Maven\Repository\org\skyscreamer\jsonassert\1.5.1\jsonassert-1.5.1.jar;D:\Maven\Repository\com\vaadin\external\google\android-json\0.0.20131108.vaadin1\android-json-0.0.20131108.vaadin1.jar;D:\Maven\Repository\org\springframework\spring-core\5.3.22\spring-core-5.3.22.jar;D:\Maven\Repository\org\springframework\spring-jcl\5.3.22\spring-jcl-5.3.22.jar;D:\Maven\Repository\org\springframework\spring-test\5.3.22\spring-test-5.3.22.jar;D:\Maven\Repository\org\xmlunit\xmlunit-core\2.9.0\xmlunit-core-2.9.0.jar;D:\Maven\Repository\org\springframework\security\spring-security-test\5.7.2\spring-security-test-5.7.2.jar;D:\Maven\Repository\org\springframework\security\spring-security-core\5.7.2\spring-security-core-5.7.2.jar;D:\Maven\Repository\org\springframework\security\spring-security-crypto\5.7.2\spring-security-crypto-5.7.2.jar;"/>
    <property name="java.vm.vendor" value="Oracle Corporation"/>
    <property name="sun.arch.data.model" value="64"/>
    <property name="user.variant" value=""/>
    <property name="java.vendor.url" value="http://java.oracle.com/"/>
    <property name="user.timezone" value="Asia/Shanghai"/>
    <property name="java.vm.specification.version" value="1.8"/>
    <property name="os.name" value="Windows 10"/>
    <property name="user.country" value="CN"/>
    <property name="sun.java.launcher" value="SUN_STANDARD"/>
    <property name="sun.boot.library.path" value="D:\Program Files\JDK\jre\bin"/>
    <property name="sun.java.command" value="C:\Users\LiuZiHou\AppData\Local\Temp\surefire2539041804362329927\surefirebooter6575070612146029230.jar C:\Users\LiuZiHou\AppData\Local\Temp\surefire2539041804362329927 2022-08-11T13-41-09_039-jvmRun1 surefire5799257450712707710tmp surefire_05194938286672738948tmp"/>
    <property name="surefire.test.class.path" value="D:\Java  file\wbg\target\test-classes;D:\Java  file\wbg\target\classes;D:\Maven\Repository\org\springframework\boot\spring-boot-starter-jdbc\2.7.2\spring-boot-starter-jdbc-2.7.2.jar;D:\Maven\Repository\org\springframework\boot\spring-boot-starter\2.7.2\spring-boot-starter-2.7.2.jar;D:\Maven\Repository\org\springframework\boot\spring-boot-starter-logging\2.7.2\spring-boot-starter-logging-2.7.2.jar;D:\Maven\Repository\ch\qos\logback\logback-classic\1.2.11\logback-classic-1.2.11.jar;D:\Maven\Repository\ch\qos\logback\logback-core\1.2.11\logback-core-1.2.11.jar;D:\Maven\Repository\org\apache\logging\log4j\log4j-to-slf4j\2.17.2\log4j-to-slf4j-2.17.2.jar;D:\Maven\Repository\org\apache\logging\log4j\log4j-api\2.17.2\log4j-api-2.17.2.jar;D:\Maven\Repository\org\slf4j\jul-to-slf4j\1.7.36\jul-to-slf4j-1.7.36.jar;D:\Maven\Repository\jakarta\annotation\jakarta.annotation-api\1.3.5\jakarta.annotation-api-1.3.5.jar;D:\Maven\Repository\org\yaml\snakeyaml\1.30\snakeyaml-1.30.jar;D:\Maven\Repository\com\zaxxer\HikariCP\4.0.3\HikariCP-4.0.3.jar;D:\Maven\Repository\org\springframework\spring-jdbc\5.3.22\spring-jdbc-5.3.22.jar;D:\Maven\Repository\org\springframework\spring-beans\5.3.22\spring-beans-5.3.22.jar;D:\Maven\Repository\org\springframework\spring-tx\5.3.22\spring-tx-5.3.22.jar;D:\Maven\Repository\org\springframework\boot\spring-boot-starter-security\2.7.2\spring-boot-starter-security-2.7.2.jar;D:\Maven\Repository\org\springframework\spring-aop\5.3.22\spring-aop-5.3.22.jar;D:\Maven\Repository\org\springframework\security\spring-security-config\5.7.2\spring-security-config-5.7.2.jar;D:\Maven\Repository\org\springframework\spring-context\5.3.22\spring-context-5.3.22.jar;D:\Maven\Repository\org\springframework\security\spring-security-web\5.7.2\spring-security-web-5.7.2.jar;D:\Maven\Repository\org\springframework\spring-expression\5.3.22\spring-expression-5.3.22.jar;D:\Maven\Repository\org\springframework\boot\spring-boot-starter-thymeleaf\2.7.2\spring-boot-starter-thymeleaf-2.7.2.jar;D:\Maven\Repository\org\thymeleaf\thymeleaf-spring5\3.0.15.RELEASE\thymeleaf-spring5-3.0.15.RELEASE.jar;D:\Maven\Repository\org\thymeleaf\thymeleaf\3.0.15.RELEASE\thymeleaf-3.0.15.RELEASE.jar;D:\Maven\Repository\org\attoparser\attoparser\2.0.5.RELEASE\attoparser-2.0.5.RELEASE.jar;D:\Maven\Repository\org\unbescape\unbescape\1.1.6.RELEASE\unbescape-1.1.6.RELEASE.jar;D:\Maven\Repository\org\thymeleaf\extras\thymeleaf-extras-java8time\3.0.4.RELEASE\thymeleaf-extras-java8time-3.0.4.RELEASE.jar;D:\Maven\Repository\org\springframework\boot\spring-boot-starter-web\2.7.2\spring-boot-starter-web-2.7.2.jar;D:\Maven\Repository\org\springframework\boot\spring-boot-starter-json\2.7.2\spring-boot-starter-json-2.7.2.jar;D:\Maven\Repository\com\fasterxml\jackson\core\jackson-databind\2.13.3\jackson-databind-2.13.3.jar;D:\Maven\Repository\com\fasterxml\jackson\core\jackson-annotations\2.13.3\jackson-annotations-2.13.3.jar;D:\Maven\Repository\com\fasterxml\jackson\core\jackson-core\2.13.3\jackson-core-2.13.3.jar;D:\Maven\Repository\com\fasterxml\jackson\datatype\jackson-datatype-jdk8\2.13.3\jackson-datatype-jdk8-2.13.3.jar;D:\Maven\Repository\com\fasterxml\jackson\datatype\jackson-datatype-jsr310\2.13.3\jackson-datatype-jsr310-2.13.3.jar;D:\Maven\Repository\com\fasterxml\jackson\module\jackson-module-parameter-names\2.13.3\jackson-module-parameter-names-2.13.3.jar;D:\Maven\Repository\org\springframework\boot\spring-boot-starter-tomcat\2.7.2\spring-boot-starter-tomcat-2.7.2.jar;D:\Maven\Repository\org\apache\tomcat\embed\tomcat-embed-core\9.0.65\tomcat-embed-core-9.0.65.jar;D:\Maven\Repository\org\apache\tomcat\embed\tomcat-embed-el\9.0.65\tomcat-embed-el-9.0.65.jar;D:\Maven\Repository\org\apache\tomcat\embed\tomcat-embed-websocket\9.0.65\tomcat-embed-websocket-9.0.65.jar;D:\Maven\Repository\org\springframework\spring-web\5.3.22\spring-web-5.3.22.jar;D:\Maven\Repository\org\springframework\spring-webmvc\5.3.22\spring-webmvc-5.3.22.jar;D:\Maven\Repository\org\mybatis\spring\boot\mybatis-spring-boot-starter\2.2.2\mybatis-spring-boot-starter-2.2.2.jar;D:\Maven\Repository\org\mybatis\spring\boot\mybatis-spring-boot-autoconfigure\2.2.2\mybatis-spring-boot-autoconfigure-2.2.2.jar;D:\Maven\Repository\org\mybatis\mybatis\3.5.9\mybatis-3.5.9.jar;D:\Maven\Repository\org\mybatis\mybatis-spring\2.0.7\mybatis-spring-2.0.7.jar;D:\Maven\Repository\org\thymeleaf\extras\thymeleaf-extras-springsecurity5\3.0.4.RELEASE\thymeleaf-extras-springsecurity5-3.0.4.RELEASE.jar;D:\Maven\Repository\org\slf4j\slf4j-api\1.7.36\slf4j-api-1.7.36.jar;D:\Maven\Repository\com\alibaba\druid-spring-boot-starter\1.1.10\druid-spring-boot-starter-1.1.10.jar;D:\Maven\Repository\com\alibaba\druid\1.1.10\druid-1.1.10.jar;D:\Maven\Repository\org\springframework\boot\spring-boot-autoconfigure\2.7.2\spring-boot-autoconfigure-2.7.2.jar;D:\Maven\Repository\org\springframework\boot\spring-boot-devtools\2.7.2\spring-boot-devtools-2.7.2.jar;D:\Maven\Repository\org\springframework\boot\spring-boot\2.7.2\spring-boot-2.7.2.jar;D:\Maven\Repository\mysql\mysql-connector-java\8.0.29\mysql-connector-java-8.0.29.jar;D:\Maven\Repository\org\projectlombok\lombok\1.18.24\lombok-1.18.24.jar;D:\Maven\Repository\org\springframework\boot\spring-boot-starter-test\2.7.2\spring-boot-starter-test-2.7.2.jar;D:\Maven\Repository\org\springframework\boot\spring-boot-test\2.7.2\spring-boot-test-2.7.2.jar;D:\Maven\Repository\org\springframework\boot\spring-boot-test-autoconfigure\2.7.2\spring-boot-test-autoconfigure-2.7.2.jar;D:\Maven\Repository\com\jayway\jsonpath\json-path\2.7.0\json-path-2.7.0.jar;D:\Maven\Repository\net\minidev\json-smart\2.4.8\json-smart-2.4.8.jar;D:\Maven\Repository\net\minidev\accessors-smart\2.4.8\accessors-smart-2.4.8.jar;D:\Maven\Repository\org\ow2\asm\asm\9.1\asm-9.1.jar;D:\Maven\Repository\jakarta\xml\bind\jakarta.xml.bind-api\2.3.3\jakarta.xml.bind-api-2.3.3.jar;D:\Maven\Repository\jakarta\activation\jakarta.activation-api\1.2.2\jakarta.activation-api-1.2.2.jar;D:\Maven\Repository\org\assertj\assertj-core\3.22.0\assertj-core-3.22.0.jar;D:\Maven\Repository\org\hamcrest\hamcrest\2.2\hamcrest-2.2.jar;D:\Maven\Repository\org\junit\jupiter\junit-jupiter\5.8.2\junit-jupiter-5.8.2.jar;D:\Maven\Repository\org\junit\jupiter\junit-jupiter-api\5.8.2\junit-jupiter-api-5.8.2.jar;D:\Maven\Repository\org\opentest4j\opentest4j\1.2.0\opentest4j-1.2.0.jar;D:\Maven\Repository\org\junit\platform\junit-platform-commons\1.8.2\junit-platform-commons-1.8.2.jar;D:\Maven\Repository\org\apiguardian\apiguardian-api\1.1.2\apiguardian-api-1.1.2.jar;D:\Maven\Repository\org\junit\jupiter\junit-jupiter-params\5.8.2\junit-jupiter-params-5.8.2.jar;D:\Maven\Repository\org\junit\jupiter\junit-jupiter-engine\5.8.2\junit-jupiter-engine-5.8.2.jar;D:\Maven\Repository\org\junit\platform\junit-platform-engine\1.8.2\junit-platform-engine-1.8.2.jar;D:\Maven\Repository\org\mockito\mockito-core\4.5.1\mockito-core-4.5.1.jar;D:\Maven\Repository\net\bytebuddy\byte-buddy\1.12.12\byte-buddy-1.12.12.jar;D:\Maven\Repository\net\bytebuddy\byte-buddy-agent\1.12.12\byte-buddy-agent-1.12.12.jar;D:\Maven\Repository\org\objenesis\objenesis\3.2\objenesis-3.2.jar;D:\Maven\Repository\org\mockito\mockito-junit-jupiter\4.5.1\mockito-junit-jupiter-4.5.1.jar;D:\Maven\Repository\org\skyscreamer\jsonassert\1.5.1\jsonassert-1.5.1.jar;D:\Maven\Repository\com\vaadin\external\google\android-json\0.0.20131108.vaadin1\android-json-0.0.20131108.vaadin1.jar;D:\Maven\Repository\org\springframework\spring-core\5.3.22\spring-core-5.3.22.jar;D:\Maven\Repository\org\springframework\spring-jcl\5.3.22\spring-jcl-5.3.22.jar;D:\Maven\Repository\org\springframework\spring-test\5.3.22\spring-test-5.3.22.jar;D:\Maven\Repository\org\xmlunit\xmlunit-core\2.9.0\xmlunit-core-2.9.0.jar;D:\Maven\Repository\org\springframework\security\spring-security-test\5.7.2\spring-security-test-5.7.2.jar;D:\Maven\Repository\org\springframework\security\spring-security-core\5.7.2\spring-security-core-5.7.2.jar;D:\Maven\Repository\org\springframework\security\spring-security-crypto\5.7.2\spring-security-crypto-5.7.2.jar;"/>
    <property name="sun.cpu.endian" value="little"/>
    <property name="user.home" value="C:\Users\LiuZiHou"/>
    <property name="user.language" value="zh"/>
    <property name="java.specification.vendor" value="Oracle Corporation"/>
    <property name="java.home" value="D:\Program Files\JDK\jre"/>
    <property name="basedir" value="D:\Java  file\wbg"/>
    <property name="file.separator" value="\"/>
    <property name="line.separator" value="&#10;"/>
    <property name="java.vm.specification.vendor" value="Oracle Corporation"/>
    <property name="java.specification.name" value="Java Platform API Specification"/>
    <property name="java.awt.graphicsenv" value="sun.awt.Win32GraphicsEnvironment"/>
    <property name="idea.version2020.1.1" value="true"/>
    <property name="surefire.real.class.path" value="C:\Users\LiuZiHou\AppData\Local\Temp\surefire2539041804362329927\surefirebooter6575070612146029230.jar"/>
    <property name="sun.boot.class.path" value="D:\Program Files\JDK\jre\lib\resources.jar;D:\Program Files\JDK\jre\lib\rt.jar;D:\Program Files\JDK\jre\lib\sunrsasign.jar;D:\Program Files\JDK\jre\lib\jsse.jar;D:\Program Files\JDK\jre\lib\jce.jar;D:\Program Files\JDK\jre\lib\charsets.jar;D:\Program Files\JDK\jre\lib\jfr.jar;D:\Program Files\JDK\jre\classes"/>
    <property name="user.script" value=""/>
    <property name="sun.management.compiler" value="HotSpot 64-Bit Tiered Compilers"/>
    <property name="java.runtime.version" value="1.8.0_181-b13"/>
    <property name="user.name" value="LiuZiHou"/>
    <property name="path.separator" value=";"/>
    <property name="os.version" value="10.0"/>
    <property name="java.endorsed.dirs" value="D:\Program Files\JDK\jre\lib\endorsed"/>
    <property name="java.runtime.name" value="Java(TM) SE Runtime Environment"/>
    <property name="file.encoding" value="GBK"/>
    <property name="java.vm.name" value="Java HotSpot(TM) 64-Bit Server VM"/>
    <property name="localRepository" value="D:\Maven\Repository"/>
    <property name="java.vendor.url.bug" value="http://bugreport.sun.com/bugreport/"/>
    <property name="java.io.tmpdir" value="C:\Users\LiuZiHou\AppData\Local\Temp\"/>
    <property name="java.version" value="1.8.0_181"/>
    <property name="user.dir" value="D:\Java  file\wbg"/>
    <property name="os.arch" value="amd64"/>
    <property name="java.vm.specification.name" value="Java Virtual Machine Specification"/>
    <property name="java.awt.printerjob" value="sun.awt.windows.WPrinterJob"/>
    <property name="sun.os.patch.level" value=""/>
    <property name="java.library.path" value="D:\Program Files\JDK\jre\bin;C:\WINDOWS\Sun\Java\bin;C:\WINDOWS\system32;C:\WINDOWS;D:\VMware\bin\;D:\python JDK\JDK\Scripts\;D:\python JDK\JDK\;D:\Program Files\JDK\bin;D:\Program Files\JDK\jre\bin;C:\ProgramData\Oracle\Java\javapath;C:\Program Files (x86)\Common Files\Oracle\Java\javapath;C:\Windows\system32;C:\Windows;C:\Windows\System32\Wbem;C:\Windows\System32\WindowsPowerShell\v1.0\;C:\Windows\System32\OpenSSH\;C:\Program Files (x86)\NVIDIA Corporation\PhysX\Common;C:\Program Files\NVIDIA Corporation\NVIDIA NvDLISR;D:\Shujuku\bin;D:\AShujuku\bin;C:\Program Files\MySQL\MySQL Server 5.5\bin;D:\MySQL\MySQL Server 5.7\bin;C:\Program Files\dotnet\;C:\WINDOWS\system32;C:\WINDOWS;C:\WINDOWS\System32\Wbem;C:\WINDOWS\System32\WindowsPowerShell\v1.0\;C:\WINDOWS\System32\OpenSSH\;D:\Maven\maven\bin;D:\Program Files\nodejs\;C:\Users\LiuZiHou\AppData\Roaming\npm;D:\Program Files\Git\bin;D:\Program Files (x86)\NetSarang\Xshell 7\;D:\Program Files (x86)\NetSarang\Xftp 7\;C:\Windows\System32;C:\Users\LiuZiHou\AppData\Local\Microsoft\WindowsApps;d:\Program Files\Bandizip\;d:\Program Files\JetBrains\IntelliJ IDEA 2020.3.3\bin;;D:\Program Files\nodejs\node_global;d:\Users\LiuZiHou\AppData\Local\Programs\Microsoft VS Code\bin;C:\Windows\System32;;."/>
    <property name="java.vm.info" value="mixed mode"/>
    <property name="java.vendor" value="Oracle Corporation"/>
    <property name="java.vm.version" value="25.181-b13"/>
    <property name="java.ext.dirs" value="D:\Program Files\JDK\jre\lib\ext;C:\WINDOWS\Sun\Java\lib\ext"/>
    <property name="sun.io.unicode.encoding" value="UnicodeLittle"/>
    <property name="java.class.version" value="52.0"/>
  </properties>
  <testcase name="tetopic" classname="com.cn.wbg.WbgApplicationTests" time="1.541"/>
  <testcase name="test" classname="com.cn.wbg.WbgApplicationTests" time="0.005"/>
  <testcase name="contextLoads" classname="com.cn.wbg.WbgApplicationTests" time="0.077"/>
</testsuite>